[2025-02-07 06:08:40] Début de la requête
[2025-02-07 06:08:40] Erreur : Accès non autorisé
[2025-02-07 06:08:42] Début de la requête
[2025-02-07 06:08:42] Erreur : Accès non autorisé
[2025-02-07 06:08:49] Début de la requête
[2025-02-07 06:08:49] Erreur : ID du quiz manquant
[2025-02-07 06:08:58] Début de la requête
[2025-02-07 06:08:58] Utilisateur : pawlak.nans@gmail.com, Quiz ID : 67a5a33f78132
[2025-02-07 06:08:58] Nombre de réponses : 12
[2025-02-07 06:08:58] Réponse examinée : {"user_email":"pawlak.nans@gmail.com","quiz_id":"67a4e7272d1b4"}
[2025-02-07 06:08:58] Réponse examinée : {"user_email":"pawlak.nans@gmail.com","quiz_id":"67a4e99a60453"}
[2025-02-07 06:08:58] Réponse examinée : {"user_email":"pawlak.nans@gmail.com","quiz_id":"67a4e99a60453"}
[2025-02-07 06:08:58] Réponse examinée : {"user_email":"pawlak.nans@gmail.com","quiz_id":"67a4e8ea85893"}
[2025-02-07 06:08:58] Réponse examinée : {"user_email":"pawlak.nans@gmail.com","quiz_id":"67a593d0d7ae1"}
[2025-02-07 06:08:58] Réponse examinée : {"user_email":"pawlak.nans@gmail.com","quiz_id":"67a4f2d4583c5"}
[2025-02-07 06:08:58] Réponse examinée : {"user_email":"pawlak.nans@gmail.com","quiz_id":"67a587e56e60f"}
[2025-02-07 06:08:58] Réponse examinée : {"user_email":"pawlak.nans@gmail.com","quiz_id":"67a59ef8b1443"}
[2025-02-07 06:08:58] Réponse examinée : {"user_email":"pawlak.nans@gmail.com","quiz_id":"67a59ef8b1443"}
[2025-02-07 06:08:58] Réponse examinée : {"user_email":"pawlak.nans@gmail.com","quiz_id":"67a5a175ee746"}
[2025-02-07 06:08:58] Réponse examinée : {"user_email":"pawlak.nans@gmail.com","quiz_id":"67a5a2a7578dc"}
[2025-02-07 06:08:58] Réponse examinée : {"user_email":"pawlak.nans@gmail.com","quiz_id":"67a5a33f78132"}
[2025-02-07 06:08:58] Résultat trouvé : {"user_email":"pawlak.nans@gmail.com","quiz_id":"67a5a33f78132","quiz_title":"jh","responses":[0,0],"score":1,"total_points":2,"completed_at":"2025-02-07 06:08:58"}
[2025-02-07 06:09:00] Début de la requête
[2025-02-07 06:09:00] Erreur : ID du quiz manquant
